<?xml version="1.0" encoding="UTF-8"?>
<!-- Generated by org.testng.reporters.JUnitXMLReporter -->
<testsuite hostname="DESKTOP-I23JMJE" ignored="0" name="Test" tests="3" failures="0" timestamp="11 Dec 2022 04:55:43 GMT" time="3.233" errors="0">
  <testcase name="test01" time="2.125" classname="com.tests.LoginTest"/>
  <testcase name="test02" time="0.011" classname="com.tests.LoginTest"/>
  <testcase name="test03" time="0.0" classname="com.tests.LoginTest">
    <skipped/>
  </testcase> <!-- test03 -->
</testsuite> <!-- Test -->
