<?xml version="1.0" encoding="UTF-8"?>
<!-- Generated by org.testng.reporters.JUnitXMLReporter -->
<testsuite hostname="DESKTOP-I23JMJE" ignored="0" name="Test" tests="3" failures="1" timestamp="27 Nov 2022 13:24:56 GMT" time="4.569" errors="0">
  <testcase name="test01" time="2.488" classname="com.tests.LoginTest"/>
  <testcase name="test02" time="0.016" classname="com.tests.LoginTest">
    <failure type="java.lang.AssertionError" message="expected [JavaByKiran | Dashboard1] but found [JavaByKiran | Dashboard]">
      <![CDATA[java.lang.AssertionError: expected [JavaByKiran | Dashboard1] but found [JavaByKiran | Dashboard]
at com.tests.LoginTest.test02(LoginTest.java:26)
... Removed 35 stack frames]]>
    </failure>
  </testcase> <!-- test02 -->
  <testcase name="test03" time="0.001" classname="com.tests.LoginTest">
    <skipped/>
  </testcase> <!-- test03 -->
</testsuite> <!-- Test -->
