-------------------------------------------------------------------------------
Test set: TestSuite
-------------------------------------------------------------------------------
Tests run: 3, Failures: 1, Errors: 0, Skipped: 1, Time elapsed: 52.561 s <<< FAILURE! - in TestSuite
com.tests.LoginTest.test02  Time elapsed: 0.043 s  <<< FAILURE!
java.lang.AssertionError: expected [JavaByKiran | Dashboard1] but found [JavaByKiran | Dashboard]
	at com.tests.LoginTest.test02(LoginTest.java:28)

