<?xml version="1.0" encoding="UTF-8"?>
<!-- Generated by org.testng.reporters.JUnitXMLReporter -->
<testsuite ignored="0" hostname="DESKTOP-BAMNMEH" failures="1" tests="3" name="Test" time="3.049" errors="0" timestamp="14 Dec 2022 14:12:40 GMT">
  <testcase classname="com.tests.LoginTest" name="test01" time="2.12"/>
  <testcase classname="com.tests.LoginTest" name="test02" time="0.016">
    <failure type="java.lang.AssertionError" message="expected [JavaByKiran | Dashboard1] but found [JavaByKiran | Dashboard]">
      <![CDATA[java.lang.AssertionError: expected [JavaByKiran | Dashboard1] but found [JavaByKiran | Dashboard]
at com.tests.LoginTest.test02(LoginTest.java:28)
... Removed 31 stack frames]]>
    </failure>
  </testcase> <!-- test02 -->
  <testcase classname="com.tests.LoginTest" name="test03" time="0.002">
    <skipped/>
  </testcase> <!-- test03 -->
</testsuite> <!-- Test -->
