<?xml version="1.0" encoding="UTF-8"?>
<!-- Generated by org.testng.reporters.JUnitXMLReporter -->
<testsuite hostname="DESKTOP-I23JMJE" ignored="0" name="Test" tests="3" failures="1" timestamp="11 Dec 2022 04:51:06 GMT" time="7.711" errors="0">
  <testcase name="test01" time="3.705" classname="com.tests.LoginTest"/>
  <testcase name="test02" time="0.039" classname="com.tests.LoginTest">
    <failure type="java.lang.AssertionError" message="expected [JavaByKiran | Dashboard1] but found [JavaByKiran | Dashboard]">
      <![CDATA[java.lang.AssertionError: expected [JavaByKiran | Dashboard1] but found [JavaByKiran | Dashboard]
at com.tests.LoginTest.test02(LoginTest.java:28)
... Removed 31 stack frames]]>
    </failure>
  </testcase> <!-- test02 -->
  <testcase name="test03" time="0.002" classname="com.tests.LoginTest">
    <skipped/>
  </testcase> <!-- test03 -->
</testsuite> <!-- Test -->
